[debug] [2025-04-14T00:24:21.671Z] ----------------------------------------------------------------------
[debug] [2025-04-14T00:24:21.675Z] Command:       C:\Program Files\nodejs\node.exe C:\Users\Kleber\AppData\Roaming\npm\node_modules\firebase-tools\lib\bin\firebase.js deploy
[debug] [2025-04-14T00:24:21.675Z] CLI Version:   14.1.0
[debug] [2025-04-14T00:24:21.675Z] Platform:      win32
[debug] [2025-04-14T00:24:21.675Z] Node Version:  v20.18.3
[debug] [2025-04-14T00:24:21.675Z] Time:          Sun Apr 13 2025 21:24:21 GMT-0300 (Horário Padrão de Brasília)
[debug] [2025-04-14T00:24:21.676Z] ----------------------------------------------------------------------
[debug] 
[debug] [2025-04-14T00:24:21.879Z] > command requires scopes: ["email","openid","https://www.googleapis.com/auth/cloudplatformprojects.readonly","https://www.googleapis.com/auth/firebase","https://www.googleapis.com/auth/cloud-platform"]
[debug] [2025-04-14T00:24:21.879Z] > authorizing via signed-in user (dev.kleber@gmail.com)
[debug] [2025-04-14T00:24:21.879Z] [iam] checking project site-loteria for permissions ["firebase.projects.get","firebasehosting.sites.update"]
[debug] [2025-04-14T00:24:21.880Z] Checked if tokens are valid: false, expires at: 1744589971880
[debug] [2025-04-14T00:24:21.881Z] Checked if tokens are valid: false, expires at: 1744589971880
[debug] [2025-04-14T00:24:21.881Z] > refreshing access token with scopes: []
[debug] [2025-04-14T00:24:21.882Z] >>> [apiv2][query] POST https://www.googleapis.com/oauth2/v3/token [none]
[debug] [2025-04-14T00:24:21.883Z] >>> [apiv2][body] POST https://www.googleapis.com/oauth2/v3/token [omitted]
[debug] [2025-04-14T00:24:22.097Z] <<< [apiv2][status] POST https://www.googleapis.com/oauth2/v3/token 200
[debug] [2025-04-14T00:24:22.098Z] <<< [apiv2][body] POST https://www.googleapis.com/oauth2/v3/token [omitted]
[debug] [2025-04-14T00:24:22.111Z] >>> [apiv2][query] POST https://cloudresourcemanager.googleapis.com/v1/projects/site-loteria:testIamPermissions [none]
[debug] [2025-04-14T00:24:22.111Z] >>> [apiv2][(partial)header] POST https://cloudresourcemanager.googleapis.com/v1/projects/site-loteria:testIamPermissions x-goog-quota-user=projects/site-loteria
[debug] [2025-04-14T00:24:22.112Z] >>> [apiv2][body] POST https://cloudresourcemanager.googleapis.com/v1/projects/site-loteria:testIamPermissions {"permissions":["firebase.projects.get","firebasehosting.sites.update"]}
